2021-06-11 17:16:40.506 [main] INFO . - user input: D:\Program Files\Huawei\DevEco Studio 2.1.0.303\tools\openjdk\bin\java,-j,-source,@D:/DevEcoStudioProjects/LiteGoProject/.idea/code-check/java/detect.txt,-output,D:/DevEcoStudioProjects/LiteGoProject/.idea/code-check/java/output.xml
2021-06-11 17:16:40.509 [main] INFO . - CodeMars Version:2.1.2.sp4
2021-06-11 17:16:40.838 [main] INFO . - starting analyzing.
2021-06-11 17:16:40.897 [main] INFO . - start collecting report.
2021-06-11 17:16:40.918 [CodeMars1] INFO . - Command: "D:\Program Files\Huawei\DevEco Studio 2.1.0.303\plugins\codecheck\lib\CodeMars\engines\SecFinder-J\bin\run_SecFinder-J.bat",-filelist,D:\DevEcoStudioProjects\LiteGoProject\.idea\code-check\java\filelist_2021_06_11_17_16_40_899_34.txt,-f,xml,-default,-progress,-r,D:\DevEcoStudioProjects\LiteGoProject\.idea\code-check\java\\errorreport_2021_06_11_17_16_40_202_23.xml,-ruleclasspath,file:///D:\DevEcoStudioProjects\LiteGoProject\.idea\code-check\java\ruleclasspath.txt
2021-06-11 17:16:41.926 [Thread-2] INFO . - Jun 11, 2021 5:16:41 PM com.huawei.secfinderj.SecFinderJ needScan
2021-06-11 17:16:41.926 [Thread-2] INFO . - INFO: SecFinder-J Version: 2.1.3
2021-06-11 17:16:42.351 [Thread-1] INFO . - 2021-06-11 17:16:42.164: SecFinder-J Output: Inspect start...
2021-06-11 17:16:46.216 [Thread-1] INFO . - 2021-06-11 17:16:46.215: SecFinder-J Output: Load checkers...
2021-06-11 17:16:46.781 [Thread-1] INFO . - 2021-06-11 17:16:46.780: SecFinder-J Output: Load config...
2021-06-11 17:16:46.838 [Thread-1] INFO . - 2021-06-11 17:16:46.838: SecFinder-J Output: step 1/4: Find files
2021-06-11 17:16:46.966 [Thread-1] INFO . - 2021-06-11 17:16:46.966: SecFinder-J Output: step 2/4: Process files
2021-06-11 17:16:47.055 [Thread-1] INFO . - 2021-06-11 17:16:47.055: SecFinder-J Output: step 3/4: Run analysis...
2021-06-11 17:16:47.056 [Thread-1] INFO . - 2021-06-11 17:16:47.056: SecFinder-J Output: [SecFinder-J--Thread--1] - during processing of [SmartExecutor.java]
2021-06-11 17:16:48.612 [Thread-1] INFO . - 2021-06-11 17:16:48.612: SecFinder-J Output: step 4/4: Result output...
2021-06-11 17:16:48.612 [Thread-1] INFO . - 2021-06-11 17:16:48.612: SecFinder-J Output: Inspect finish...
2021-06-11 17:16:48.612 [Thread-1] INFO . - Analysis result:
2021-06-11 17:16:48.612 [Thread-1] INFO . -     files analyzed      : 1
2021-06-11 17:16:48.613 [Thread-2] INFO . - Jun 11, 2021 5:16:48 PM com.huawei.secfinderj.override.HwPmd end
2021-06-11 17:16:48.613 [Thread-2] INFO . - INFO: SecFinder-J run successed!
2021-06-11 17:16:48.616 [Thread-1] INFO . -     lines analyzed      : 485
2021-06-11 17:16:48.616 [Thread-1] INFO . -     rules used          : 59
2021-06-11 17:16:48.616 [Thread-1] INFO . -     issues detected     : 0
2021-06-11 17:16:48.616 [Thread-1] INFO . -     time cost(sec)      : 6
2021-06-11 17:16:48.616 [Thread-1] INFO . - 
2021-06-11 17:16:48.749 [CodeMars1] INFO . - start parse errorreport xml
2021-06-11 17:16:48.754 [CodeMars1] INFO . - parse xml time : 48
2021-06-11 17:16:48.754 [CodeMars1] INFO . - end parse errorreport xml
2021-06-11 17:16:48.755 [main] INFO . - end collecting report.
2021-06-11 17:16:48.756 [main] INFO . - end analyzing.
